<?xml version="1.0" encoding="UTF-8"?>
<!-- Generated by org.testng.reporters.JUnitReportReporter -->
<testsuite skipped="0" hostname="DESKTOP-0OTV8V6" name="com.cg.testCases.TC001_LoginTest" tests="1" failures="0" timestamp="2022-07-13T15:57:56 IST" time="22.734" errors="0">
  <testcase name="LoginTest" time="22.734" classname="com.cg.testCases.TC001_LoginTest"/>
  <system-out/>
</testsuite> <!-- com.cg.testCases.TC001_LoginTest -->
