<?xml version="1.0" encoding="UTF-8"?>
<!-- Generated by org.testng.reporters.JUnitReportReporter -->
<testsuite skipped="0" hostname="DESKTOP-0OTV8V6" name="com.cg.testCases.TC003_AddNewCustomer" tests="1" failures="0" timestamp="2022-07-13T15:57:56 IST" time="39.845" errors="0">
  <testcase name="addNewCustomer" time="39.845" classname="com.cg.testCases.TC003_AddNewCustomer"/>
  <system-out/>
</testsuite> <!-- com.cg.testCases.TC003_AddNewCustomer -->
